[Header Microsoft Windows NT 6.2.9200.0]
2023-12-04 20:43:57,915 [1] INFO  ? - Loaded tool: RootComponentTool
2023-12-04 20:43:57,920 [1] INFO  ? - Loaded tool: GlobalReferenceTool
2023-12-04 20:43:57,921 [1] INFO  ? - Loaded tool: FeatureSecurityToolCF
2023-12-04 20:43:57,921 [1] INFO  ? - Loaded tool: PlatformFactoryToolCF
2023-12-04 20:43:57,922 [1] INFO  ? - Loaded tool: StorageToolCF
2023-12-04 20:43:57,982 [1] INFO  ? - Loaded tool: SqlCeDatabaseTool
2023-12-04 20:43:58,055 [1] INFO  ? - Loaded tool: SQLiteDatabaseToolCF
2023-12-04 20:43:58,055 [1] INFO  ? - Loaded tool: WebServerConfigToolCF
2023-12-04 20:43:58,056 [1] INFO  ? - Loaded tool: VncToolCF
2023-12-04 20:43:58,056 [1] INFO  ? - Loaded tool: TrendDataToolCF
2023-12-04 20:43:58,057 [1] INFO  ? - Loaded tool: TimeInformationToolCF
2023-12-04 20:43:58,057 [1] INFO  ? - Loaded tool: NativeToolCF
2023-12-04 20:43:58,057 [1] INFO  ? - Loaded tool: ScopeToolCF
2023-12-04 20:43:58,057 [1] INFO  ? - Loaded tool: KeyPanelConfigToolCF
2023-12-04 20:43:58,057 [1] INFO  ? - Loaded tool: NeedleAppearanceToolCF
2023-12-04 20:43:58,057 [1] INFO  ? - Loaded tool: ObjectSerializationToolCF
2023-12-04 20:43:58,057 [1] INFO  ? - Loaded tool: TagMonitorDataToolCF
2023-12-04 20:43:58,057 [1] INFO  ? - Loaded tool: OpcClientToolCF
2023-12-04 20:43:58,057 [1] INFO  ? - Loaded tool: SystemTagToolCF
2023-12-04 20:43:58,058 [1] INFO  ? - Loaded tool: ScreenManager
2023-12-04 20:43:58,058 [1] INFO  ? - Loaded tool: SystemInformationToolCF
2023-12-04 20:43:58,059 [1] INFO  ? - Loaded tool: SymbolServiceCF
2023-12-04 20:43:58,059 [1] INFO  ? - Loaded tool: StructuredTypesToolCF
2023-12-04 20:43:58,059 [1] INFO  ? - Loaded tool: SMSSenderTool
2023-12-04 20:43:58,059 [1] INFO  ? - Loaded tool: Run
2023-12-04 20:43:58,059 [1] INFO  ? - Loaded tool: SimulationTool
2023-12-04 20:43:58,059 [1] INFO  ? - Loaded tool: RenderableControlTool
2023-12-04 20:43:58,059 [1] INFO  ? - Loaded tool: ProjectInformationToolCF
2023-12-04 20:43:58,060 [1] INFO  ? - Loaded tool: PrinterToolCF
2023-12-04 20:43:58,060 [1] INFO  ? - Loaded tool: NetworkToolCF
2023-12-04 20:43:58,060 [1] INFO  ? - Loaded tool: MessageBoxToolCF
2023-12-04 20:43:58,060 [1] INFO  ? - Loaded tool: EmailSenderTool
2023-12-04 20:43:58,060 [1] INFO  ? - Loaded tool: DeviceManagerToolCF
2023-12-04 20:43:58,060 [1] INFO  ? - Loaded tool: DebugLoggerTool
2023-12-04 20:43:58,061 [1] INFO  ? - Loaded tool: CachedDataItemToolCF
2023-12-04 20:43:58,062 [1] INFO  ? - Loaded tool: BacklightTool
2023-12-04 20:43:58,063 [1] INFO  ? - Loaded tool: StorageCacheTool
2023-12-04 20:43:58,063 [1] INFO  ? - Loaded tool: SplashServiceTool
2023-12-04 20:43:58,063 [1] INFO  ? - Loaded tool: DatabaseToolCF
2023-12-04 20:43:58,063 [1] INFO  ? - Loaded tool: StorageClientToolCF
2023-12-04 20:43:58,063 [1] INFO  ? - Loaded tool: LicenseToolCF
2023-12-04 20:43:58,063 [1] INFO  ? - Loaded tool: HttpsToolCF
2023-12-04 20:43:58,064 [1] INFO  ? - Loaded tool: CommandLineTool
2023-12-04 20:43:58,064 [1] INFO  ? - Loaded tool: MessageFilterTool
2023-12-04 20:43:58,065 [1] INFO  ? - Loaded tool: NotifierService
2023-12-04 20:43:58,065 [1] INFO  ? - Loaded tool: PrintScreenToolCF
2023-12-04 20:43:58,065 [1] INFO  ? - Loaded tool: TimerToolCF
2023-12-04 20:43:58,066 [1] INFO  ? - Loaded tool: SecurityManagerToolCF
2023-12-04 20:43:58,066 [1] INFO  ? - Loaded tool: OpcUaClientToolCF
2023-12-04 20:43:58,066 [1] INFO  ? - Loaded tool: RecipeToolCF
2023-12-04 20:43:58,066 [1] INFO  ? - Loaded tool: ProjectTool
2023-12-04 20:43:58,066 [1] INFO  ? - Loaded tool: NonVolatileToolCF
2023-12-04 20:43:58,066 [1] INFO  ? - Loaded tool: MultiLanguageToolCF
2023-12-04 20:43:58,067 [1] INFO  ? - Loaded tool: HourglassToolCF
2023-12-04 20:43:58,067 [1] INFO  ? - Loaded tool: DrawingToolCF
2023-12-04 20:43:58,067 [1] INFO  ? - Loaded tool: DriverPropertiesToolCF
2023-12-04 20:43:58,067 [1] INFO  ? - Loaded tool: DateTimeEditToolCF
2023-12-04 20:43:58,067 [1] INFO  ? - Loaded tool: FastLoggingFeatureLogicToolCF
2023-12-04 20:43:58,068 [1] INFO  ? - Loaded tool: BrandTool
2023-12-04 20:43:58,068 [1] INFO  ? - Loaded tool: AuditTrailToolCF
2023-12-04 20:43:58,068 [1] INFO  ? - Loaded tool: UserChangedAuditTrailToolCF
2023-12-04 20:43:58,068 [1] INFO  ? - Loaded tool: AlarmTool
2023-12-04 20:43:58,105 [1] INFO  ? - Loaded tool: ThrusterNeedleAppearanceRuntimeTool
2023-12-04 20:43:58,223 [1] INFO  ? - Loaded tool: TelemetrySenderTool
2023-12-04 20:43:58,245 [1] INFO  ? - Loaded tool: StorageDeviceDetectionTool
2023-12-04 20:43:58,718 [1] INFO  Neo.ApplicationFramework.Common.Runtime.GlobalsBase - Version: 2.50.73.0
2023-12-04 20:43:58,721 [1] INFO  BeHwApiProvider.LegacyToBeIncorporatedWithinIBeHwApiInTheLongRun.BeHwApiEx - System.DllNotFoundException: Unable to load DLL 'BeHwApi.dll': The specified module could not be found. (Exception from HRESULT: 0x8007007E)
   at BeHwApiProvider.LegacyToBeIncorporatedWithinIBeHwApiInTheLongRun.BeHwApiEx.?()
   at BeHwApiProvider.LegacyToBeIncorporatedWithinIBeHwApiInTheLongRun.BeHwApiEx.IsOptimus()
2023-12-04 20:43:58,753 [1] INFO  ? - Initializing ToolManager
2023-12-04 20:43:58,829 [1] INFO  BeHwApiProvider.LegacyToBeIncorporatedWithinIBeHwApiInTheLongRun.BeHwApiEx - System.DllNotFoundException: Unable to load DLL 'BeHwApi.dll': The specified module could not be found. (Exception from HRESULT: 0x8007007E)
   at BeHwApiProvider.LegacyToBeIncorporatedWithinIBeHwApiInTheLongRun.BeHwApiEx.?()
   at BeHwApiProvider.LegacyToBeIncorporatedWithinIBeHwApiInTheLongRun.BeHwApiEx.IsOptimus()
2023-12-04 20:43:59,196 [1] ERROR Neo.ApplicationFramework.Tools.Backlight.BacklightController - Failed to find registryKey HKEY_CURRENT_USER\ControlPanel\backlight
2023-12-04 20:43:59,196 [1] ERROR Neo.ApplicationFramework.Tools.Backlight.BacklightController - Failed to find registryKey HKEY_CURRENT_USER\ControlPanel\backlight
2023-12-04 20:43:59,196 [1] ERROR Neo.ApplicationFramework.Tools.Backlight.BacklightController - Failed to find registryKey HKEY_CURRENT_USER\ControlPanel\backlight
2023-12-04 20:43:59,196 [1] ERROR Neo.ApplicationFramework.Tools.Backlight.BacklightController - Failed to find registryKey HKEY_CURRENT_USER\ControlPanel\backlight
2023-12-04 20:43:59,347 [1] INFO  Neo.ApplicationFramework.Storage.Providers.CommonDatabase.CommonDatabaseBase - Database: Creating database with page size 4096 bytes.
2023-12-04 20:43:59,375 [1] INFO  Neo.ApplicationFramework.Storage.Providers.CommonDatabase.CommonDatabaseBase - Database: Integrity check started.
2023-12-04 20:43:59,376 [1] INFO  Neo.ApplicationFramework.Storage.Providers.CommonDatabase.CommonDatabaseBase - Database: Integrity check finished without errors.
2023-12-04 20:43:59,379 [1] INFO  Neo.ApplicationFramework.Storage.Providers.CommonDatabase.CommonDatabaseBase - Database: Database created.
2023-12-04 20:43:59,424 [1] INFO  Neo.ApplicationFramework.Storage.Providers.CommonDatabase.CommonDatabaseBase - Database: Cleanup started.
2023-12-04 20:43:59,442 [1] INFO  Neo.ApplicationFramework.Storage.Providers.CommonDatabase.CommonDatabaseBase - Database: Cleanup recovered 12480 bytes.
2023-12-04 20:43:59,469 [6] INFO  Neo.ApplicationFramework.Storage.Providers.CommonDatabase.CommonDatabaseBase - NonVolatileDatabase: Creating database with page size 4096 bytes.
2023-12-04 20:43:59,493 [6] INFO  Neo.ApplicationFramework.Storage.Providers.CommonDatabase.CommonDatabaseBase - NonVolatileDatabase: Integrity check started.
2023-12-04 20:43:59,494 [6] INFO  Neo.ApplicationFramework.Storage.Providers.CommonDatabase.CommonDatabaseBase - NonVolatileDatabase: Integrity check finished without errors.
2023-12-04 20:43:59,494 [6] INFO  Neo.ApplicationFramework.Storage.Providers.CommonDatabase.CommonDatabaseBase - NonVolatileDatabase: Database created.
2023-12-04 20:44:00,154 [1] INFO  Neo.ApplicationFramework.Tools.Recipe.Recipe - Updating recipe runtime data in 'DefaultSettings'
2023-12-04 20:44:00,418 [1] ERROR Neo.ApplicationFramework.Tools.Backlight.BacklightController - Failed to find registryKey HKEY_CURRENT_USER\ControlPanel\backlight
2023-12-04 20:44:07,190 [1] ERROR Neo.ApplicationFramework.Tools.Backlight.BacklightController - Failed to find registryKey HKEY_CURRENT_USER\ControlPanel\backlight
2023-12-04 20:44:09,964 [1] ERROR Neo.ApplicationFramework.Tools.Backlight.BacklightController - Failed to find registryKey HKEY_CURRENT_USER\ControlPanel\backlight
2023-12-04 20:44:09,964 [1] ERROR Neo.ApplicationFramework.Tools.Backlight.BacklightController - Failed to find registryKey HKEY_CURRENT_USER\ControlPanel\backlight
2023-12-04 20:44:09,964 [1] ERROR Neo.ApplicationFramework.Tools.Backlight.BacklightController - Failed to find registryKey HKEY_CURRENT_USER\ControlPanel\backlight
2023-12-04 20:44:09,964 [1] ERROR Neo.ApplicationFramework.Tools.Backlight.BacklightController - Failed to find registryKey HKEY_CURRENT_USER\ControlPanel\backlight
2023-12-04 20:44:09,965 [1] ERROR Neo.ApplicationFramework.Tools.Backlight.BacklightController - Failed to find registryKey HKEY_CURRENT_USER\ControlPanel\backlight
